<?xml version="1.0" encoding="UTF-8"?>
<!-- Generated by org.testng.reporters.JUnitXMLReporter -->
<testsuite ignored="0" hostname="LAPTOP-T5F2R5E5" failures="1" tests="3" name="ChromeTest" time="77.686" errors="0" timestamp="2020-05-05T16:50:22 IST">
  <testcase classname="tests.FDcalculatortest" name="print" time="0.141"/>
  <testcase classname="tests.Calculate_valuestest" name="f" time="0.0"/>
  <testcase classname="tests.Calculate_valuestest" name="print" time="0.004">
    <failure type="java.lang.NullPointerException">
      <![CDATA[java.lang.NullPointerException
at tests.Calculate_valuestest.print(Calculate_valuestest.java:29)
at java.base/java.util.ArrayList.forEach(ArrayList.java:1540)
... Removed 27 stack frames]]>
    </failure>
  </testcase> <!-- print -->
</testsuite> <!-- ChromeTest -->
